mode: set
github.com/ihtgoot/i_learn/Section_3/cmd/web/main.go:22.13,26.16 3 0
github.com/ihtgoot/i_learn/Section_3/cmd/web/main.go:26.16,28.3 1 0
github.com/ihtgoot/i_learn/Section_3/cmd/web/main.go:33.2,39.16 4 0
github.com/ihtgoot/i_learn/Section_3/cmd/web/main.go:39.16,41.3 1 0
github.com/ihtgoot/i_learn/Section_3/cmd/web/main.go:45.18,61.16 10 1
github.com/ihtgoot/i_learn/Section_3/cmd/web/main.go:61.16,64.3 2 0
github.com/ihtgoot/i_learn/Section_3/cmd/web/main.go:64.8,66.3 1 1
github.com/ihtgoot/i_learn/Section_3/cmd/web/main.go:69.2,79.12 7 1
github.com/ihtgoot/i_learn/Section_3/cmd/web/middle.go:19.45,30.2 3 1
github.com/ihtgoot/i_learn/Section_3/cmd/web/middle.go:33.50,36.2 2 1
github.com/ihtgoot/i_learn/Section_3/cmd/web/routes.go:15.55,31.16 7 0
github.com/ihtgoot/i_learn/Section_3/cmd/web/routes.go:31.16,33.3 1 0
github.com/ihtgoot/i_learn/Section_3/cmd/web/routes.go:34.2,34.42 1 0
github.com/ihtgoot/i_learn/Section_3/cmd/web/routes.go:37.49,63.2 19 1
